#
# There is insufficient memory for the Java Runtime Environment to continue.
# Native memory allocation (mmap) failed to map 75497472 bytes. Error detail: G1 virtual space
# Possible reasons:
#   The system is out of physical RAM or swap space
#   This process is running with CompressedOops enabled, and the Java Heap may be blocking the growth of the native heap
# Possible solutions:
#   Reduce memory load on the system
#   Increase physical memory or swap space
#   Check if swap backing store is full
#   Decrease Java heap size (-Xmx/-Xms)
#   Decrease number of Java threads
#   Decrease Java thread stack sizes (-Xss)
#   Set larger code cache with -XX:ReservedCodeCacheSize=
#   JVM is running with Zero Based Compressed Oops mode in which the Java heap is
#     placed in the first 32GB address space. The Java Heap base address is the
#     maximum limit for the native heap growth. Please use -XX:HeapBaseMinAddress
#     to set the Java Heap base and to place the Java Heap above 32GB virtual address.
# This output file may be truncated or incomplete.
#
#  Out of Memory Error (os_windows.cpp:3603), pid=24764, tid=35368
#
# JRE version: OpenJDK Runtime Environment Temurin-21.0.3+9 (21.0.3+9) (build 21.0.3+9-LTS)
# Java VM: OpenJDK 64-Bit Server VM Temurin-21.0.3+9 (21.0.3+9-LTS, mixed mode, tiered, compressed oops, compressed class ptrs, g1 gc, windows-amd64)
# No core dump will be written. Minidumps are not enabled by default on client versions of Windows
#

---------------  S U M M A R Y ------------

Command Line: -Dfile.encoding=UTF-8 -Djavax.net.ssl.trustStoreType=WINDOWS-ROOT -Dsun.java2d.d3d=false com.st.microxplorer.maingui.STM32CubeMX D:\stmproject\dragonproject\contest\elec_contest_2025\F743VGT6_origin\origin.ioc

Host: 13th Gen Intel(R) Core(TM) i9-13900H, 20 cores, 31G,  Windows 11 , 64 bit Build 26100 (10.0.26100.3775)
Time: Wed May  7 23:28:23 2025  Windows 11 , 64 bit Build 26100 (10.0.26100.3775) elapsed time: 9.984309 seconds (0d 0h 0m 9s)

---------------  T H R E A D  ---------------

Current thread (0x000002d19d0357b0):  VMThread "VM Thread"          [id=35368, stack(0x000000eef3700000,0x000000eef3800000) (1024K)]

Stack: [0x000000eef3700000,0x000000eef3800000]
Native frames: (J=compiled Java code, j=interpreted, Vv=VM code, C=native code)
V  [jvm.dll+0x6c8699]
V  [jvm.dll+0x8a2061]
V  [jvm.dll+0x8a458e]
V  [jvm.dll+0x8a4c63]
V  [jvm.dll+0x27e476]
V  [jvm.dll+0x6c4e15]
V  [jvm.dll+0x6b9b0a]
V  [jvm.dll+0x3523ba]
V  [jvm.dll+0x359f66]
V  [jvm.dll+0x3ab1be]
V  [jvm.dll+0x3ab468]
V  [jvm.dll+0x3265fc]
V  [jvm.dll+0x326687]
V  [jvm.dll+0x36a3cc]
V  [jvm.dll+0x368c08]
V  [jvm.dll+0x325d71]
V  [jvm.dll+0x36827a]
V  [jvm.dll+0x8aa56f]
V  [jvm.dll+0x8ab674]
V  [jvm.dll+0x8abbb0]
V  [jvm.dll+0x8abe53]
V  [jvm.dll+0x84bf8b]
V  [jvm.dll+0x6c6dcd]
C  [ucrtbase.dll+0x37b0]
C  [KERNEL32.DLL+0x2e8d7]
C  [ntdll.dll+0xb14fc]

VM_Operation (0x000000eef60fe0c0): G1CollectForAllocation, mode: safepoint, requested by thread 0x000002d1a281dde0


---------------  P R O C E S S  ---------------

Threads class SMR info:
_java_thread_list=0x000002d1ab07dde0, length=45, elements={
0x000002d19d0c2880, 0x000002d19d0c3a80, 0x000002d19d103570, 0x000002d19d103fd0,
0x000002d19d1051d0, 0x000002d19d0f85f0, 0x000002d19d12fab0, 0x000002d19d130a30,
0x000002d19d3068b0, 0x000002d19d30af80, 0x000002d19d325870, 0x000002d19d332900,
0x000002d19d546600, 0x000002d19e2ced30, 0x000002d19df169e0, 0x000002d19df19660,
0x000002d19e623eb0, 0x000002d1f07a09a0, 0x000002d1a27e6900, 0x000002d1a24a1750,
0x000002d1a24a3190, 0x000002d1a3d93af0, 0x000002d1a24a4bd0, 0x000002d1a24a4540,
0x000002d1a24a1de0, 0x000002d1a3d91fb0, 0x000002d1a24a2b00, 0x000002d1a24a3820,
0x000002d1a281c3a0, 0x000002d1a281d750, 0x000002d1a3d92d50, 0x000002d1a3d941c0,
0x000002d1a3d93420, 0x000002d1a37d7600, 0x000002d1a37d7cd0, 0x000002d1a281d0c0,
0x000002d1a281ca30, 0x000002d1a281a960, 0x000002d1a281dde0, 0x000002d1a281eb00,
0x000002d1a281bd10, 0x000002d1a281b680, 0x000002d1a421a800, 0x000002d19f6549e0,
0x000002d1a421ae90
}

Java Threads: ( => current thread )
  0x000002d19d0c2880 JavaThread "Reference Handler"          daemon [_thread_blocked, id=18004, stack(0x000000eef3800000,0x000000eef3900000) (1024K)]
  0x000002d19d0c3a80 JavaThread "Finalizer"                  daemon [_thread_blocked, id=10040, stack(0x000000eef3900000,0x000000eef3a00000) (1024K)]
  0x000002d19d103570 JavaThread "Signal Dispatcher"          daemon [_thread_blocked, id=35796, stack(0x000000eef3a00000,0x000000eef3b00000) (1024K)]
  0x000002d19d103fd0 JavaThread "Attach Listener"            daemon [_thread_blocked, id=21740, stack(0x000000eef3b00000,0x000000eef3c00000) (1024K)]
  0x000002d19d1051d0 JavaThread "Service Thread"             daemon [_thread_blocked, id=22288, stack(0x000000eef3c00000,0x000000eef3d00000) (1024K)]
  0x000002d19d0f85f0 JavaThread "Monitor Deflation Thread"   daemon [_thread_blocked, id=28840, stack(0x000000eef3d00000,0x000000eef3e00000) (1024K)]
  0x000002d19d12fab0 JavaThread "C2 CompilerThread0"         daemon [_thread_blocked, id=23932, stack(0x000000eef3e00000,0x000000eef3f00000) (1024K)]
  0x000002d19d130a30 JavaThread "C1 CompilerThread0"         daemon [_thread_blocked, id=32132, stack(0x000000eef3f00000,0x000000eef4000000) (1024K)]
  0x000002d19d3068b0 JavaThread "C1 CompilerThread1"         daemon [_thread_blocked, id=32624, stack(0x000000eef4000000,0x000000eef4100000) (1024K)]
  0x000002d19d30af80 JavaThread "C1 CompilerThread2"         daemon [_thread_blocked, id=8720, stack(0x000000eef4100000,0x000000eef4200000) (1024K)]
  0x000002d19d325870 JavaThread "Notification Thread"        daemon [_thread_blocked, id=28184, stack(0x000000eef4200000,0x000000eef4300000) (1024K)]
  0x000002d19d332900 JavaThread "Common-Cleaner"             daemon [_thread_blocked, id=32300, stack(0x000000eef4300000,0x000000eef4400000) (1024K)]
  0x000002d19d546600 JavaThread "C1 CompilerThread3"         daemon [_thread_blocked, id=33956, stack(0x000000eef4500000,0x000000eef4600000) (1024K)]
  0x000002d19e2ced30 JavaThread "Java2D Disposer"            daemon [_thread_blocked, id=6068, stack(0x000000eef4800000,0x000000eef4900000) (1024K)]
  0x000002d19df169e0 JavaThread "AWT-Shutdown"                      [_thread_blocked, id=31900, stack(0x000000eef5700000,0x000000eef5800000) (1024K)]
  0x000002d19df19660 JavaThread "AWT-Windows"                daemon [_thread_in_native, id=18696, stack(0x000000eef5800000,0x000000eef5900000) (1024K)]
  0x000002d19e623eb0 JavaThread "AWT-EventQueue-0"                  [_thread_blocked, id=4520, stack(0x000000eef5900000,0x000000eef5a00000) (1024K)]
  0x000002d1f07a09a0 JavaThread "DestroyJavaVM"                     [_thread_blocked, id=27152, stack(0x000000eef3000000,0x000000eef3100000) (1024K)]
  0x000002d1a27e6900 JavaThread "Image Fetcher 0"            daemon [_thread_blocked, id=26292, stack(0x000000eef6100000,0x000000eef6200000) (1024K)]
  0x000002d1a24a1750 JavaThread "TimerQueue"                 daemon [_thread_blocked, id=2304, stack(0x000000eef6400000,0x000000eef6500000) (1024K)]
  0x000002d1a24a3190 JavaThread "Keep-Alive-Timer"           daemon [_thread_blocked, id=33780, stack(0x000000eef4700000,0x000000eef4800000) (1024K)]
  0x000002d1a3d93af0 JavaThread "C2 CompilerThread1"         daemon [_thread_blocked, id=33500, stack(0x000000eef4400000,0x000000eef4500000) (1024K)]
  0x000002d1a24a4bd0 JavaThread "Thread-2"                          [_thread_blocked, id=24888, stack(0x000000eef6200000,0x000000eef6300000) (1024K)]
  0x000002d1a24a4540 JavaThread "IPC Server Thread"          daemon [_thread_in_native, id=8892, stack(0x000000eef6700000,0x000000eef6800000) (1024K)]
  0x000002d1a24a1de0 JavaThread "Chromium Process Thread"           [_thread_in_native, id=30412, stack(0x000000eef6800000,0x000000eef6900000) (1024K)]
  0x000002d1a3d91fb0 JavaThread "C2 CompilerThread2"         daemon [_thread_blocked, id=26588, stack(0x000000eef6900000,0x000000eef6a00000) (1024K)]
  0x000002d1a24a2b00 JavaThread "Chromium Process Logger"    daemon [_thread_in_native, id=18180, stack(0x000000eef6a00000,0x000000eef6b00000) (1024K)]
  0x000002d1a24a3820 JavaThread "IPC Memory Reader Thread"          [_thread_in_native, id=11932, stack(0x000000eef6c00000,0x000000eef6d00000) (1024K)]
  0x000002d1a281c3a0 JavaThread "Browser Thread: 8be0bc64-8313-412f-be11-00e6c3c3be40" daemon [_thread_blocked, id=35420, stack(0x000000eef6d00000,0x000000eef6e00000) (1024K)]
  0x000002d1a281d750 JavaThread "Socket Connection Checker: 8be0bc64-8313-412f-be11-00e6c3c3be40"        [_thread_in_native, id=28560, stack(0x000000eef6e00000,0x000000eef6f00000) (1024K)]
  0x000002d1a3d92d50 JavaThread "C2 CompilerThread3"         daemon [_thread_blocked, id=4376, stack(0x000000eef6f00000,0x000000eef7000000) (1024K)]
  0x000002d1a3d941c0 JavaThread "C2 CompilerThread4"         daemon [_thread_blocked, id=19868, stack(0x000000eef7000000,0x000000eef7100000) (1024K)]
  0x000002d1a3d93420 JavaThread "C2 CompilerThread5"         daemon [_thread_blocked, id=11908, stack(0x000000eef7100000,0x000000eef7200000) (1024K)]
  0x000002d1a37d7600 JavaThread "C2 CompilerThread6"         daemon [_thread_blocked, id=3156, stack(0x000000eef7200000,0x000000eef7300000) (1024K)]
  0x000002d1a37d7cd0 JavaThread "C2 CompilerThread7"         daemon [_thread_blocked, id=15532, stack(0x000000eef7300000,0x000000eef7400000) (1024K)]
  0x000002d1a281d0c0 JavaThread "GPU Thread: 55258bc0-a7b6-49ca-a101-3b23d8fb32c6" daemon [_thread_blocked, id=35224, stack(0x000000eef7600000,0x000000eef7700000) (1024K)]
  0x000002d1a281ca30 JavaThread "IPC Memory Reader Thread"          [_thread_in_native, id=3624, stack(0x000000eef7500000,0x000000eef7600000) (1024K)]
  0x000002d1a281a960 JavaThread "Socket Connection Checker: 55258bc0-a7b6-49ca-a101-3b23d8fb32c6"        [_thread_in_native, id=27076, stack(0x000000eef7700000,0x000000eef7800000) (1024K)]
  0x000002d1a281dde0 JavaThread "SwingWorker-pool-3-thread-1" daemon [_thread_blocked, id=34528, stack(0x000000eef6000000,0x000000eef6100000) (1024K)]
  0x000002d1a281eb00 JavaThread "Render Thread: 549c3edd-522f-4675-b973-55f3f2dff29e" daemon [_thread_blocked, id=29416, stack(0x000000eef7900000,0x000000eef7a00000) (1024K)]
  0x000002d1a281bd10 JavaThread "IPC Memory Reader Thread"          [_thread_in_native, id=35220, stack(0x000000eef7800000,0x000000eef7900000) (1024K)]
  0x000002d1a281b680 JavaThread "Socket Connection Checker: 549c3edd-522f-4675-b973-55f3f2dff29e"        [_thread_in_native, id=10956, stack(0x000000eef5a00000,0x000000eef5b00000) (1024K)]
  0x000002d1a421a800 JavaThread "Render Thread: 295f82a9-3402-47d9-861c-eb734b17442c" daemon [_thread_blocked, id=28748, stack(0x000000eef7a00000,0x000000eef7b00000) (1024K)]
  0x000002d19f6549e0 JavaThread "IPC Memory Reader Thread"          [_thread_in_native, id=33564, stack(0x000000eef7c00000,0x000000eef7d00000) (1024K)]
  0x000002d1a421ae90 JavaThread "Socket Connection Checker: 295f82a9-3402-47d9-861c-eb734b17442c"        [_thread_in_native, id=29676, stack(0x000000eef7e00000,0x000000eef7f00000) (1024K)]
Total: 45

Other Threads:
=>0x000002d19d0357b0 VMThread "VM Thread"                           [id=35368, stack(0x000000eef3700000,0x000000eef3800000) (1024K)]
  0x000002d1fece0620 WatcherThread "VM Periodic Task Thread"        [id=6956, stack(0x000000eef3600000,0x000000eef3700000) (1024K)]
  0x000002d1f238fb40 WorkerThread "GC Thread#0"                     [id=15172, stack(0x000000eef3100000,0x000000eef3200000) (1024K)]
  0x000002d19e0a5640 WorkerThread "GC Thread#1"                     [id=6268, stack(0x000000eef4900000,0x000000eef4a00000) (1024K)]
  0x000002d19df64b60 WorkerThread "GC Thread#2"                     [id=1940, stack(0x000000eef4a00000,0x000000eef4b00000) (1024K)]
  0x000002d19da637b0 WorkerThread "GC Thread#3"                     [id=10724, stack(0x000000eef4b00000,0x000000eef4c00000) (1024K)]
  0x000002d19da63b50 WorkerThread "GC Thread#4"                     [id=27564, stack(0x000000eef4c00000,0x000000eef4d00000) (1024K)]
  0x000002d19e5b5df0 WorkerThread "GC Thread#5"                     [id=15584, stack(0x000000eef4d00000,0x000000eef4e00000) (1024K)]
  0x000002d19e5b6190 WorkerThread "GC Thread#6"                     [id=6224, stack(0x000000eef4e00000,0x000000eef4f00000) (1024K)]
  0x000002d19e2e5350 WorkerThread "GC Thread#7"                     [id=29552, stack(0x000000eef4f00000,0x000000eef5000000) (1024K)]
  0x000002d19e232da0 WorkerThread "GC Thread#8"                     [id=13228, stack(0x000000eef5000000,0x000000eef5100000) (1024K)]
  0x000002d19e234360 WorkerThread "GC Thread#9"                     [id=31164, stack(0x000000eef5100000,0x000000eef5200000) (1024K)]
  0x000002d19e233c20 WorkerThread "GC Thread#10"                    [id=33364, stack(0x000000eef5200000,0x000000eef5300000) (1024K)]
  0x000002d19e233140 WorkerThread "GC Thread#11"                    [id=20764, stack(0x000000eef5300000,0x000000eef5400000) (1024K)]
  0x000002d19e8595f0 WorkerThread "GC Thread#12"                    [id=17720, stack(0x000000eef5d00000,0x000000eef5e00000) (1024K)]
  0x000002d19e85ba30 WorkerThread "GC Thread#13"                    [id=27688, stack(0x000000eef5e00000,0x000000eef5f00000) (1024K)]
  0x000002d19e858eb0 WorkerThread "GC Thread#14"                    [id=35448, stack(0x000000eef5f00000,0x000000eef6000000) (1024K)]
  0x000002d1f23a3320 ConcurrentGCThread "G1 Main Marker"            [id=27948, stack(0x000000eef3200000,0x000000eef3300000) (1024K)]
  0x000002d1f23a3e20 WorkerThread "G1 Conc#0"                       [id=7904, stack(0x000000eef3300000,0x000000eef3400000) (1024K)]
  0x000002d19e2334e0 WorkerThread "G1 Conc#1"                       [id=19024, stack(0x000000eef5400000,0x000000eef5500000) (1024K)]
  0x000002d19e233880 WorkerThread "G1 Conc#2"                       [id=30916, stack(0x000000eef5500000,0x000000eef5600000) (1024K)]
  0x000002d19e234700 WorkerThread "G1 Conc#3"                       [id=3252, stack(0x000000eef5600000,0x000000eef5700000) (1024K)]
  0x000002d1feba93b0 ConcurrentGCThread "G1 Refine#0"               [id=21856, stack(0x000000eef3400000,0x000000eef3500000) (1024K)]
  0x000002d1feba9f20 ConcurrentGCThread "G1 Service"                [id=19836, stack(0x000000eef3500000,0x000000eef3600000) (1024K)]
Total: 24

Threads with active compile tasks:
C2 CompilerThread0    10012 10207       4       com.bestcode.mathparser.__or::run (21 bytes)
C2 CompilerThread1    10012 10208       4       com.bestcode.mathparser.IsDouble::check (64 bytes)
C2 CompilerThread2    10012 10006       4       com.st.microxplorer.util.LogicalParser::rewriteCondition (521 bytes)
C2 CompilerThread3    10012 10003       4       com.st.microxplorer.util.LogicalParser::getVariables (176 bytes)
C2 CompilerThread4    10012 10211       4       com.bestcode.mathparser.MathParserImpl::createParseTree (502 bytes)
C2 CompilerThread5    10012 10212   !   4       com.bestcode.mathparser.MathParserImpl::IsValiddouble (39 bytes)
C2 CompilerThread6    10012 10347 %     4       com.st.microxplorer.plugins.thirdparty.db.solver.condition.EvaluatedConditionComponentItem::fillMatchings @ 7 (38 bytes)
C2 CompilerThread7    10012 10313       4       com.st.microxplorer.plugins.thirdparty.db.solver.condition.EvaluatedConditionComponentItem::fillMatchings (62 bytes)
Total: 8

VM state: at safepoint (normal execution)

VM Mutex/Monitor currently owned by a thread:  ([mutex/lock_event])
[0x00007ffad8ea2128] Threads_lock - owner thread: 0x000002d19d0357b0
[0x00007ffad8ea2228] Heap_lock - owner thread: 0x000002d1a281dde0

Heap address: 0x0000000604400000, size: 8124 MB, Compressed Oops mode: Zero based, Oop shift amount: 3

CDS archive(s) not mapped
Compressed class space mapped at: 0x0000000800000000-0x0000000840000000, reserved size: 1073741824
Narrow klass base: 0x0000000800000000, Narrow klass shift: 0, Narrow klass range: 0x40000000

GC Precious Log:
 CardTable entry size: 512
 Card Set container configuration: InlinePtr #cards 4 size 8 Array Of Cards #cards 32 size 80 Howl #buckets 8 coarsen threshold 7372 Howl Bitmap #cards 1024 size 144 coarsen threshold 921 Card regions per heap region 1 cards per card region 8192
 CPUs: 20 total, 20 available
 Memory: 32491M
 Large Page Support: Disabled
 NUMA Support: Disabled
 Compressed Oops: Enabled (Zero based)
 Heap Region Size: 4M
 Heap Min Capacity: 8M
 Heap Initial Capacity: 508M
 Heap Max Capacity: 8124M
 Pre-touch: Disabled
 Parallel Workers: 15
 Concurrent Workers: 4
 Concurrent Refinement Workers: 15
 Periodic GC: Disabled

Heap:
 garbage-first heap   total 364544K, used 153198K [0x0000000604400000, 0x0000000800000000)
  region size 4096K, 5 young (20480K), 5 survivors (20480K)
 Metaspace       used 90854K, committed 91968K, reserved 1179648K
  class space    used 9984K, committed 10496K, reserved 1048576K

Heap Regions: E=young(eden), S=young(survivor), O=old, HS=humongous(starts), HC=humongous(continues), CS=collection set, F=free, TAMS=top-at-mark-start, PB=parsable bottom
|   0|0x0000000604400000, 0x0000000604800000, 0x0000000604800000|100%|HS|  |TAMS 0x0000000604400000| PB 0x0000000604400000| Complete 
|   1|0x0000000604800000, 0x0000000604c00000, 0x0000000604c00000|100%|HC|  |TAMS 0x0000000604800000| PB 0x0000000604800000| Complete 
|   2|0x0000000604c00000, 0x0000000605000000, 0x0000000605000000|100%| O|  |TAMS 0x0000000604c00000| PB 0x0000000604c00000| Untracked 
|   3|0x0000000605000000, 0x0000000605400000, 0x0000000605400000|100%| O|  |TAMS 0x0000000605000000| PB 0x0000000605000000| Untracked 
|   4|0x0000000605400000, 0x0000000605800000, 0x0000000605800000|100%|HS|  |TAMS 0x0000000605400000| PB 0x0000000605400000| Complete 
|   5|0x0000000605800000, 0x0000000605c00000, 0x0000000605c00000|100%|HC|  |TAMS 0x0000000605800000| PB 0x0000000605800000| Complete 
|   6|0x0000000605c00000, 0x0000000606000000, 0x0000000606000000|100%| O|  |TAMS 0x0000000605c00000| PB 0x0000000605c00000| Untracked 
|   7|0x0000000606000000, 0x0000000606400000, 0x0000000606400000|100%| O|  |TAMS 0x0000000606000000| PB 0x0000000606000000| Untracked 
|   8|0x0000000606400000, 0x0000000606800000, 0x0000000606800000|100%|HS|  |TAMS 0x0000000606400000| PB 0x0000000606400000| Complete 
|   9|0x0000000606800000, 0x0000000606c00000, 0x0000000606c00000|100%| O|  |TAMS 0x0000000606800000| PB 0x0000000606800000| Untracked 
|  10|0x0000000606c00000, 0x0000000607000000, 0x0000000607000000|100%| O|  |TAMS 0x0000000606c00000| PB 0x0000000606c00000| Untracked 
|  11|0x0000000607000000, 0x0000000607400000, 0x0000000607400000|100%|HS|  |TAMS 0x0000000607000000| PB 0x0000000607000000| Complete 
|  12|0x0000000607400000, 0x0000000607800000, 0x0000000607800000|100%|HS|  |TAMS 0x0000000607400000| PB 0x0000000607400000| Complete 
|  13|0x0000000607800000, 0x0000000607c00000, 0x0000000607c00000|100%| O|  |TAMS 0x0000000607800000| PB 0x0000000607800000| Untracked 
|  14|0x0000000607c00000, 0x0000000608000000, 0x0000000608000000|100%|HS|  |TAMS 0x0000000607c00000| PB 0x0000000607c00000| Complete 
|  15|0x0000000608000000, 0x0000000608400000, 0x0000000608400000|100%|HS|  |TAMS 0x0000000608000000| PB 0x0000000608000000| Complete 
|  16|0x0000000608400000, 0x0000000608800000, 0x0000000608800000|100%|HS|  |TAMS 0x0000000608400000| PB 0x0000000608400000| Complete 
|  17|0x0000000608800000, 0x0000000608c00000, 0x0000000608c00000|100%|HS|  |TAMS 0x0000000608800000| PB 0x0000000608800000| Complete 
|  18|0x0000000608c00000, 0x0000000609000000, 0x0000000609000000|100%|HS|  |TAMS 0x0000000608c00000| PB 0x0000000608c00000| Complete 
|  19|0x0000000609000000, 0x0000000609400000, 0x0000000609400000|100%|HS|  |TAMS 0x0000000609000000| PB 0x0000000609000000| Complete 
|  20|0x0000000609400000, 0x0000000609800000, 0x0000000609800000|100%|HS|  |TAMS 0x0000000609400000| PB 0x0000000609400000| Complete 
|  21|0x0000000609800000, 0x0000000609c00000, 0x0000000609c00000|100%| O|  |TAMS 0x0000000609800000| PB 0x0000000609800000| Untracked 
|  22|0x0000000609c00000, 0x000000060a000000, 0x000000060a000000|100%| O|  |TAMS 0x0000000609c00000| PB 0x0000000609c00000| Untracked 
|  23|0x000000060a000000, 0x000000060a400000, 0x000000060a400000|100%| O|  |TAMS 0x000000060a000000| PB 0x000000060a000000| Untracked 
|  24|0x000000060a400000, 0x000000060a800000, 0x000000060a800000|100%| O|  |TAMS 0x000000060a400000| PB 0x000000060a400000| Untracked 
|  25|0x000000060a800000, 0x000000060ac00000, 0x000000060ac00000|100%|HS|  |TAMS 0x000000060a800000| PB 0x000000060a800000| Complete 
|  26|0x000000060ac00000, 0x000000060b000000, 0x000000060b000000|100%|HC|  |TAMS 0x000000060ac00000| PB 0x000000060ac00000| Complete 
|  27|0x000000060b000000, 0x000000060b400000, 0x000000060b400000|100%|HC|  |TAMS 0x000000060b000000| PB 0x000000060b000000| Complete 
|  28|0x000000060b400000, 0x000000060b800000, 0x000000060b800000|100%|HC|  |TAMS 0x000000060b400000| PB 0x000000060b400000| Complete 
|  29|0x000000060b800000, 0x000000060bc00000, 0x000000060bc00000|100%| O|  |TAMS 0x000000060b800000| PB 0x000000060b800000| Untracked 
|  30|0x000000060bc00000, 0x000000060c000000, 0x000000060c000000|100%| O|  |TAMS 0x000000060bc00000| PB 0x000000060bc00000| Untracked 
|  31|0x000000060c000000, 0x000000060c400000, 0x000000060c400000|100%| O|  |TAMS 0x000000060c000000| PB 0x000000060c000000| Untracked 
|  32|0x000000060c400000, 0x000000060c800000, 0x000000060c800000|100%| O|  |TAMS 0x000000060c400000| PB 0x000000060c400000| Untracked 
|  33|0x000000060c800000, 0x000000060c96f438, 0x000000060cc00000| 35%| O|  |TAMS 0x000000060c800000| PB 0x000000060c800000| Untracked 
|  34|0x000000060cc00000, 0x000000060cc00000, 0x000000060d000000|  0%| F|  |TAMS 0x000000060cc00000| PB 0x000000060cc00000| Untracked 
|  35|0x000000060d000000, 0x000000060d000000, 0x000000060d400000|  0%| F|  |TAMS 0x000000060d000000| PB 0x000000060d000000| Untracked 
|  36|0x000000060d400000, 0x000000060d400000, 0x000000060d800000|  0%| F|  |TAMS 0x000000060d400000| PB 0x000000060d400000| Untracked 
|  37|0x000000060d800000, 0x000000060d82c458, 0x000000060dc00000|  4%| S|CS|TAMS 0x000000060d800000| PB 0x000000060d800000| Complete 
|  38|0x000000060dc00000, 0x000000060e000000, 0x000000060e000000|100%| S|CS|TAMS 0x000000060dc00000| PB 0x000000060dc00000| Complete 
|  39|0x000000060e000000, 0x000000060e400000, 0x000000060e400000|100%| S|CS|TAMS 0x000000060e000000| PB 0x000000060e000000| Complete 
|  40|0x000000060e400000, 0x000000060e400000, 0x000000060e800000|  0%| F|  |TAMS 0x000000060e400000| PB 0x000000060e400000| Untracked 
|  41|0x000000060e800000, 0x000000060e800000, 0x000000060ec00000|  0%| F|  |TAMS 0x000000060e800000| PB 0x000000060e800000| Untracked 
|  42|0x000000060ec00000, 0x000000060ec00000, 0x000000060f000000|  0%| F|  |TAMS 0x000000060ec00000| PB 0x000000060ec00000| Untracked 
|  43|0x000000060f000000, 0x000000060f400000, 0x000000060f400000|100%| S|CS|TAMS 0x000000060f000000| PB 0x000000060f000000| Complete 
|  44|0x000000060f400000, 0x000000060f800000, 0x000000060f800000|100%| S|CS|TAMS 0x000000060f400000| PB 0x000000060f400000| Complete 
|  45|0x000000060f800000, 0x000000060f800000, 0x000000060fc00000|  0%| F|  |TAMS 0x000000060f800000| PB 0x000000060f800000| Untracked 
|  46|0x000000060fc00000, 0x000000060fc00000, 0x0000000610000000|  0%| F|  |TAMS 0x000000060fc00000| PB 0x000000060fc00000| Untracked 
|  47|0x0000000610000000, 0x0000000610000000, 0x0000000610400000|  0%| F|  |TAMS 0x0000000610000000| PB 0x0000000610000000| Untracked 
|  48|0x0000000610400000, 0x0000000610400000, 0x0000000610800000|  0%| F|  |TAMS 0x0000000610400000| PB 0x0000000610400000| Untracked 
|  49|0x0000000610800000, 0x0000000610800000, 0x0000000610c00000|  0%| F|  |TAMS 0x0000000610800000| PB 0x0000000610800000| Untracked 
|  50|0x0000000610c00000, 0x0000000610c00000, 0x0000000611000000|  0%| F|  |TAMS 0x0000000610c00000| PB 0x0000000610c00000| Untracked 
|  51|0x0000000611000000, 0x0000000611000000, 0x0000000611400000|  0%| F|  |TAMS 0x0000000611000000| PB 0x0000000611000000| Untracked 
|  52|0x0000000611400000, 0x0000000611400000, 0x0000000611800000|  0%| F|  |TAMS 0x0000000611400000| PB 0x0000000611400000| Untracked 
|  53|0x0000000611800000, 0x0000000611800000, 0x0000000611c00000|  0%| F|  |TAMS 0x0000000611800000| PB 0x0000000611800000| Untracked 
|  54|0x0000000611c00000, 0x0000000611c00000, 0x0000000612000000|  0%| F|  |TAMS 0x0000000611c00000| PB 0x0000000611c00000| Untracked 
|  55|0x0000000612000000, 0x0000000612000000, 0x0000000612400000|  0%| F|  |TAMS 0x0000000612000000| PB 0x0000000612000000| Untracked 
|  56|0x0000000612400000, 0x0000000612400000, 0x0000000612800000|  0%| F|  |TAMS 0x0000000612400000| PB 0x0000000612400000| Untracked 
|  57|0x0000000612800000, 0x0000000612800000, 0x0000000612c00000|  0%| F|  |TAMS 0x0000000612800000| PB 0x0000000612800000| Untracked 
|  58|0x0000000612c00000, 0x0000000612c00000, 0x0000000613000000|  0%| F|  |TAMS 0x0000000612c00000| PB 0x0000000612c00000| Untracked 
|  59|0x0000000613000000, 0x0000000613000000, 0x0000000613400000|  0%| F|  |TAMS 0x0000000613000000| PB 0x0000000613000000| Untracked 
|  60|0x0000000613400000, 0x0000000613400000, 0x0000000613800000|  0%| F|  |TAMS 0x0000000613400000| PB 0x0000000613400000| Untracked 
|  61|0x0000000613800000, 0x0000000613800000, 0x0000000613c00000|  0%| F|  |TAMS 0x0000000613800000| PB 0x0000000613800000| Untracked 
|  62|0x0000000613c00000, 0x0000000613c00000, 0x0000000614000000|  0%| F|  |TAMS 0x0000000613c00000| PB 0x0000000613c00000| Untracked 
|  63|0x0000000614000000, 0x0000000614000000, 0x0000000614400000|  0%| F|  |TAMS 0x0000000614000000| PB 0x0000000614000000| Untracked 
|  64|0x0000000614400000, 0x0000000614400000, 0x0000000614800000|  0%| F|  |TAMS 0x0000000614400000| PB 0x0000000614400000| Untracked 
|  65|0x0000000614800000, 0x0000000614800000, 0x0000000614c00000|  0%| F|  |TAMS 0x0000000614800000| PB 0x0000000614800000| Untracked 
|  66|0x0000000614c00000, 0x0000000614c00000, 0x0000000615000000|  0%| F|  |TAMS 0x0000000614c00000| PB 0x0000000614c00000| Untracked 
|  67|0x0000000615000000, 0x0000000615000000, 0x0000000615400000|  0%| F|  |TAMS 0x0000000615000000| PB 0x0000000615000000| Untracked 
|  68|0x0000000615400000, 0x0000000615400000, 0x0000000615800000|  0%| F|  |TAMS 0x0000000615400000| PB 0x0000000615400000| Untracked 
|  69|0x0000000615800000, 0x0000000615800000, 0x0000000615c00000|  0%| F|  |TAMS 0x0000000615800000| PB 0x0000000615800000| Untracked 
|  70|0x0000000615c00000, 0x0000000615c00000, 0x0000000616000000|  0%| F|  |TAMS 0x0000000615c00000| PB 0x0000000615c00000| Untracked 
|  71|0x0000000616000000, 0x0000000616000000, 0x0000000616400000|  0%| F|  |TAMS 0x0000000616000000| PB 0x0000000616000000| Untracked 
|  72|0x0000000616400000, 0x0000000616400000, 0x0000000616800000|  0%| F|  |TAMS 0x0000000616400000| PB 0x0000000616400000| Untracked 
|  73|0x0000000616800000, 0x0000000616800000, 0x0000000616c00000|  0%| F|  |TAMS 0x0000000616800000| PB 0x0000000616800000| Untracked 
|  74|0x0000000616c00000, 0x0000000616c00000, 0x0000000617000000|  0%| F|  |TAMS 0x0000000616c00000| PB 0x0000000616c00000| Untracked 
|  75|0x0000000617000000, 0x0000000617000000, 0x0000000617400000|  0%| F|  |TAMS 0x0000000617000000| PB 0x0000000617000000| Untracked 
|  76|0x0000000617400000, 0x0000000617400000, 0x0000000617800000|  0%| F|  |TAMS 0x0000000617400000| PB 0x0000000617400000| Untracked 
|  77|0x0000000617800000, 0x0000000617800000, 0x0000000617c00000|  0%| F|  |TAMS 0x0000000617800000| PB 0x0000000617800000| Untracked 
|  78|0x0000000617c00000, 0x0000000617c00000, 0x0000000618000000|  0%| F|  |TAMS 0x0000000617c00000| PB 0x0000000617c00000| Untracked 
|  79|0x0000000618000000, 0x0000000618000000, 0x0000000618400000|  0%| F|  |TAMS 0x0000000618000000| PB 0x0000000618000000| Untracked 
|  80|0x0000000618400000, 0x0000000618400000, 0x0000000618800000|  0%| F|  |TAMS 0x0000000618400000| PB 0x0000000618400000| Untracked 
|  81|0x0000000618800000, 0x0000000618800000, 0x0000000618c00000|  0%| F|  |TAMS 0x0000000618800000| PB 0x0000000618800000| Untracked 
|  82|0x0000000618c00000, 0x0000000618c00000, 0x0000000619000000|  0%| F|  |TAMS 0x0000000618c00000| PB 0x0000000618c00000| Untracked 
|  83|0x0000000619000000, 0x0000000619000000, 0x0000000619400000|  0%| F|  |TAMS 0x0000000619000000| PB 0x0000000619000000| Untracked 
|  84|0x0000000619400000, 0x0000000619400000, 0x0000000619800000|  0%| F|  |TAMS 0x0000000619400000| PB 0x0000000619400000| Untracked 
|  85|0x0000000619800000, 0x0000000619800000, 0x0000000619c00000|  0%| F|  |TAMS 0x0000000619800000| PB 0x0000000619800000| Untracked 
|  86|0x0000000619c00000, 0x0000000619c00000, 0x000000061a000000|  0%| F|  |TAMS 0x0000000619c00000| PB 0x0000000619c00000| Untracked 
| 124|0x0000000623400000, 0x0000000623400000, 0x0000000623800000|  0%| F|  |TAMS 0x0000000623400000| PB 0x0000000623400000| Untracked 
| 126|0x0000000623c00000, 0x0000000623c00000, 0x0000000624000000|  0%| F|  |TAMS 0x0000000623c00000| PB 0x0000000623c00000| Untracked 

Card table byte_map: [0x000002d1fd7f0000,0x000002d1fe7d0000] _byte_map_base: 0x000002d1fa7ce000

Marking Bits: (CMBitMap*) 0x000002d1f2391650
 Bits: [0x000002d18f000000, 0x000002d196ef0000)

Polling page: 0x000002d1f0740000

Metaspace:

Usage:
  Non-class:     78.97 MB used.
      Class:      9.75 MB used.
       Both:     88.73 MB used.

Virtual space:
  Non-class space:      128.00 MB reserved,      79.56 MB ( 62%) committed,  2 nodes.
      Class space:        1.00 GB reserved,      10.25 MB (  1%) committed,  1 nodes.
             Both:        1.12 GB reserved,      89.81 MB (  8%) committed. 

Chunk freelists:
   Non-Class:  15.78 MB
       Class:  5.61 MB
        Both:  21.39 MB

MaxMetaspaceSize: unlimited
CompressedClassSpaceSize: 1.00 GB
Initial GC threshold: 21.00 MB
Current GC threshold: 99.62 MB
CDS: off
 - commit_granule_bytes: 65536.
 - commit_granule_words: 8192.
 - virtual_space_node_default_size: 8388608.
 - enlarge_chunks_in_place: 1.
 - use_allocation_guard: 0.


Internal statistics:

num_allocs_failed_limit: 15.
num_arena_births: 926.
num_arena_deaths: 0.
num_vsnodes_births: 3.
num_vsnodes_deaths: 0.
num_space_committed: 1437.
num_space_uncommitted: 0.
num_chunks_returned_to_freelist: 15.
num_chunks_taken_from_freelist: 3334.
num_chunk_merges: 6.
num_chunk_splits: 2323.
num_chunks_enlarged: 1586.
num_inconsistent_stats: 0.

CodeHeap 'non-profiled nmethods': size=119168Kb used=7023Kb max_used=7023Kb free=112144Kb
 bounds [0x000002d187ba0000, 0x000002d188280000, 0x000002d18f000000]
CodeHeap 'profiled nmethods': size=119104Kb used=22033Kb max_used=22033Kb free=97070Kb
 bounds [0x000002d180000000, 0x000002d181590000, 0x000002d187450000]
CodeHeap 'non-nmethods': size=7488Kb used=3640Kb max_used=3765Kb free=3847Kb
 bounds [0x000002d187450000, 0x000002d187810000, 0x000002d187ba0000]
 total_blobs=10829 nmethods=9895 adapters=833
 compilation: enabled
              stopped_count=0, restarted_count=0
 full_count=0

Compilation events (20 events):
Event: 8.873 Thread 0x000002d19d12fab0 nmethod 10273 0x000002d188279410 code [0x000002d1882795c0, 0x000002d188279930]
Event: 8.874 Thread 0x000002d19d12fab0 10316       4       com.st.microxplorer.plugins.thirdparty.db.solver.getter.component.ComponentClassGetter::getValue (5 bytes)
Event: 8.874 Thread 0x000002d1a3d93af0 nmethod 10337 0x000002d188279a90 code [0x000002d188279c20, 0x000002d188279cc8]
Event: 8.875 Thread 0x000002d1a3d93af0 10342       4       com.st.microxplorer.plugins.thirdparty.db.solver.getter.component.ComponentGroupGetter::getValue (5 bytes)
Event: 8.876 Thread 0x000002d19d12fab0 nmethod 10316 0x000002d188279d90 code [0x000002d188279f20, 0x000002d188279fe0]
Event: 8.876 Thread 0x000002d19d12fab0 10346       4       com.st.microxplorer.plugins.thirdparty.db.solver.getter.component.ComponentBundleGetter::getValue (5 bytes)
Event: 8.877 Thread 0x000002d1a3d93af0 nmethod 10342 0x000002d18827a110 code [0x000002d18827a2a0, 0x000002d18827a360]
Event: 8.878 Thread 0x000002d1a3d93af0 10345       4       com.st.microxplorer.plugins.thirdparty.model.ModelComponent::getVariant (8 bytes)
Event: 8.879 Thread 0x000002d19d12fab0 nmethod 10346 0x000002d18827a490 code [0x000002d18827a620, 0x000002d18827a6e0]
Event: 8.879 Thread 0x000002d19d12fab0 9876       4       java.lang.CharacterDataLatin1::getType (11 bytes)
Event: 8.879 Thread 0x000002d1a3d93af0 nmethod 10345 0x000002d18827a810 code [0x000002d18827a9a0, 0x000002d18827aa48]
Event: 8.880 Thread 0x000002d1a3d93af0 9914       4       java.util.regex.Pattern$TreeInfo::reset (21 bytes)
Event: 8.881 Thread 0x000002d19d12fab0 nmethod 9876 0x000002d18827ab10 code [0x000002d18827aca0, 0x000002d18827ad60]
Event: 8.881 Thread 0x000002d1a3d93af0 nmethod 9914 0x000002d18827ae10 code [0x000002d18827afa0, 0x000002d18827b038]
Event: 8.881 Thread 0x000002d19d12fab0 10040       4       java.util.regex.Pattern$SliceNode::study (37 bytes)
Event: 8.882 Thread 0x000002d1a3d93af0 10208       4       com.bestcode.mathparser.IsDouble::check (64 bytes)
Event: 8.882 Thread 0x000002d1a3d93420 nmethod 10275 0x000002d18827b110 code [0x000002d18827b2e0, 0x000002d18827b818]
Event: 8.884 Thread 0x000002d19d12fab0 nmethod 10040 0x000002d18827ba10 code [0x000002d18827bba0, 0x000002d18827bc98]
Event: 8.884 Thread 0x000002d1a3d93420 10212   !   4       com.bestcode.mathparser.MathParserImpl::IsValiddouble (39 bytes)
Event: 8.884 Thread 0x000002d19d12fab0 10207       4       com.bestcode.mathparser.__or::run (21 bytes)

GC Heap History (20 events):
Event: 6.308 GC heap after
{Heap after GC invocations=16 (full 0):
 garbage-first heap   total 303104K, used 106897K [0x0000000604400000, 0x0000000800000000)
  region size 4096K, 2 young (8192K), 2 survivors (8192K)
 Metaspace       used 77218K, committed 78336K, reserved 1179648K
  class space    used 8613K, committed 9088K, reserved 1048576K
}
Event: 6.596 GC heap before
{Heap before GC invocations=16 (full 0):
 garbage-first heap   total 303104K, used 258449K [0x0000000604400000, 0x0000000800000000)
  region size 4096K, 40 young (163840K), 2 survivors (8192K)
 Metaspace       used 78000K, committed 79104K, reserved 1179648K
  class space    used 8682K, committed 9152K, reserved 1048576K
}
Event: 6.598 GC heap after
{Heap after GC invocations=17 (full 0):
 garbage-first heap   total 303104K, used 110059K [0x0000000604400000, 0x0000000800000000)
  region size 4096K, 2 young (8192K), 2 survivors (8192K)
 Metaspace       used 78000K, committed 79104K, reserved 1179648K
  class space    used 8682K, committed 9152K, reserved 1048576K
}
Event: 7.238 GC heap before
{Heap before GC invocations=17 (full 0):
 garbage-first heap   total 303104K, used 286187K [0x0000000604400000, 0x0000000800000000)
  region size 4096K, 41 young (167936K), 2 survivors (8192K)
 Metaspace       used 82697K, committed 83776K, reserved 1179648K
  class space    used 9170K, committed 9664K, reserved 1048576K
}
Event: 7.242 GC heap after
{Heap after GC invocations=18 (full 0):
 garbage-first heap   total 303104K, used 130918K [0x0000000604400000, 0x0000000800000000)
  region size 4096K, 4 young (16384K), 4 survivors (16384K)
 Metaspace       used 82697K, committed 83776K, reserved 1179648K
  class space    used 9170K, committed 9664K, reserved 1048576K
}
Event: 7.597 GC heap before
{Heap before GC invocations=18 (full 0):
 garbage-first heap   total 303104K, used 261990K [0x0000000604400000, 0x0000000800000000)
  region size 4096K, 36 young (147456K), 4 survivors (16384K)
 Metaspace       used 84319K, committed 85376K, reserved 1179648K
  class space    used 9335K, committed 9792K, reserved 1048576K
}
Event: 7.600 GC heap after
{Heap after GC invocations=19 (full 0):
 garbage-first heap   total 303104K, used 135262K [0x0000000604400000, 0x0000000800000000)
  region size 4096K, 4 young (16384K), 4 survivors (16384K)
 Metaspace       used 84319K, committed 85376K, reserved 1179648K
  class space    used 9335K, committed 9792K, reserved 1048576K
}
Event: 7.780 GC heap before
{Heap before GC invocations=19 (full 0):
 garbage-first heap   total 303104K, used 262238K [0x0000000604400000, 0x0000000800000000)
  region size 4096K, 35 young (143360K), 4 survivors (16384K)
 Metaspace       used 84789K, committed 85888K, reserved 1179648K
  class space    used 9379K, committed 9856K, reserved 1048576K
}
Event: 7.783 GC heap after
{Heap after GC invocations=20 (full 0):
 garbage-first heap   total 303104K, used 138357K [0x0000000604400000, 0x0000000800000000)
  region size 4096K, 4 young (16384K), 4 survivors (16384K)
 Metaspace       used 84789K, committed 85888K, reserved 1179648K
  class space    used 9379K, committed 9856K, reserved 1048576K
}
Event: 7.927 GC heap before
{Heap before GC invocations=20 (full 0):
 garbage-first heap   total 303104K, used 261237K [0x0000000604400000, 0x0000000800000000)
  region size 4096K, 34 young (139264K), 4 survivors (16384K)
 Metaspace       used 85577K, committed 86720K, reserved 1179648K
  class space    used 9472K, committed 9984K, reserved 1048576K
}
Event: 7.930 GC heap after
{Heap after GC invocations=21 (full 0):
 garbage-first heap   total 303104K, used 141051K [0x0000000604400000, 0x0000000800000000)
  region size 4096K, 3 young (12288K), 3 survivors (12288K)
 Metaspace       used 85577K, committed 86720K, reserved 1179648K
  class space    used 9472K, committed 9984K, reserved 1048576K
}
Event: 8.070 GC heap before
{Heap before GC invocations=21 (full 0):
 garbage-first heap   total 303104K, used 268027K [0x0000000604400000, 0x0000000800000000)
  region size 4096K, 34 young (139264K), 3 survivors (12288K)
 Metaspace       used 86239K, committed 87360K, reserved 1179648K
  class space    used 9536K, committed 10048K, reserved 1048576K
}
Event: 8.073 GC heap after
{Heap after GC invocations=22 (full 0):
 garbage-first heap   total 364544K, used 141996K [0x0000000604400000, 0x0000000800000000)
  region size 4096K, 3 young (12288K), 3 survivors (12288K)
 Metaspace       used 86239K, committed 87360K, reserved 1179648K
  class space    used 9536K, committed 10048K, reserved 1048576K
}
Event: 8.194 GC heap before
{Heap before GC invocations=22 (full 0):
 garbage-first heap   total 364544K, used 330412K [0x0000000604400000, 0x0000000800000000)
  region size 4096K, 49 young (200704K), 3 survivors (12288K)
 Metaspace       used 86994K, committed 88064K, reserved 1179648K
  class space    used 9615K, committed 10112K, reserved 1048576K
}
Event: 8.196 GC heap after
{Heap after GC invocations=23 (full 0):
 garbage-first heap   total 364544K, used 144779K [0x0000000604400000, 0x0000000800000000)
  region size 4096K, 4 young (16384K), 4 survivors (16384K)
 Metaspace       used 86994K, committed 88064K, reserved 1179648K
  class space    used 9615K, committed 10112K, reserved 1048576K
}
Event: 8.351 GC heap before
{Heap before GC invocations=23 (full 0):
 garbage-first heap   total 364544K, used 325003K [0x0000000604400000, 0x0000000800000000)
  region size 4096K, 48 young (196608K), 4 survivors (16384K)
 Metaspace       used 87609K, committed 88704K, reserved 1179648K
  class space    used 9685K, committed 10176K, reserved 1048576K
}
Event: 8.353 GC heap after
{Heap after GC invocations=24 (full 0):
 garbage-first heap   total 364544K, used 146335K [0x0000000604400000, 0x0000000800000000)
  region size 4096K, 4 young (16384K), 4 survivors (16384K)
 Metaspace       used 87609K, committed 88704K, reserved 1179648K
  class space    used 9685K, committed 10176K, reserved 1048576K
}
Event: 8.566 GC heap before
{Heap before GC invocations=24 (full 0):
 garbage-first heap   total 364544K, used 322463K [0x0000000604400000, 0x0000000800000000)
  region size 4096K, 47 young (192512K), 4 survivors (16384K)
 Metaspace       used 89390K, committed 90432K, reserved 1179648K
  class space    used 9855K, committed 10304K, reserved 1048576K
}
Event: 8.568 GC heap after
{Heap after GC invocations=25 (full 0):
 garbage-first heap   total 364544K, used 149073K [0x0000000604400000, 0x0000000800000000)
  region size 4096K, 4 young (16384K), 4 survivors (16384K)
 Metaspace       used 89390K, committed 90432K, reserved 1179648K
  class space    used 9855K, committed 10304K, reserved 1048576K
}
Event: 8.893 GC heap before
{Heap before GC invocations=25 (full 0):
 garbage-first heap   total 364544K, used 325201K [0x0000000604400000, 0x0000000800000000)
  region size 4096K, 47 young (192512K), 4 survivors (16384K)
 Metaspace       used 90854K, committed 91968K, reserved 1179648K
  class space    used 9984K, committed 10496K, reserved 1048576K
}

Dll operation events (19 events):
Event: 0.017 Loaded shared library D:\techapps\Cubemx\jre\bin\java.dll
Event: 0.099 Loaded shared library D:\techapps\Cubemx\jre\bin\jsvml.dll
Event: 0.137 Loaded shared library D:\techapps\Cubemx\jre\bin\net.dll
Event: 0.140 Loaded shared library D:\techapps\Cubemx\jre\bin\nio.dll
Event: 0.163 Loaded shared library D:\techapps\Cubemx\jre\bin\zip.dll
Event: 0.192 Loaded shared library D:\techapps\Cubemx\jre\bin\jimage.dll
Event: 0.359 Loaded shared library D:\techapps\Cubemx\jre\bin\management.dll
Event: 0.366 Loaded shared library D:\techapps\Cubemx\jre\bin\management_ext.dll
Event: 0.760 Loaded shared library D:\techapps\Cubemx\jre\bin\awt.dll
Event: 0.988 Loaded shared library D:\techapps\Cubemx\jre\bin\freetype.dll
Event: 0.991 Loaded shared library D:\techapps\Cubemx\jre\bin\fontmanager.dll
Event: 1.104 Loaded shared library D:\techapps\Cubemx\jre\bin\verify.dll
Event: 1.179 Loaded shared library D:\techapps\Cubemx\jre\bin\prefs.dll
Event: 2.995 Loaded shared library D:\techapps\Cubemx\jre\bin\sunmscapi.dll
Event: 3.253 Loaded shared library D:\techapps\Cubemx\jre\bin\extnet.dll
Event: 4.271 Loaded shared library D:\techapps\Cubemx\jre\bin\javajpeg.dll
Event: 4.351 Loaded shared library D:\techapps\Cubemx\jre\bin\lcms.dll
Event: 5.291 Loaded shared library C:\Users\35161\.stm32cubemx\.jxbrowser-7.41.5\Chromium\toolkit64.dll
Event: 5.534 Loaded shared library C:\Users\35161\.stm32cubemx\.jxbrowser-7.41.5\Chromium\ipc64.dll

Deoptimization events (20 events):
Event: 8.867 Thread 0x000002d1a281dde0 DEOPT PACKING pc=0x000002d1801e06a9 sp=0x000000eef60fe330
Event: 8.867 Thread 0x000002d1a281dde0 DEOPT UNPACKING pc=0x000002d1874a4e42 sp=0x000000eef60fd730 mode 0
Event: 8.868 Thread 0x000002d1a281dde0 DEOPT PACKING pc=0x000002d1801e06a9 sp=0x000000eef60fe330
Event: 8.868 Thread 0x000002d1a281dde0 DEOPT UNPACKING pc=0x000002d1874a4e42 sp=0x000000eef60fd730 mode 0
Event: 8.868 Thread 0x000002d1a281dde0 DEOPT PACKING pc=0x000002d1801e06a9 sp=0x000000eef60fe330
Event: 8.868 Thread 0x000002d1a281dde0 DEOPT UNPACKING pc=0x000002d1874a4e42 sp=0x000000eef60fd730 mode 0
Event: 8.869 Thread 0x000002d1a281dde0 DEOPT PACKING pc=0x000002d1801e06a9 sp=0x000000eef60fe290
Event: 8.869 Thread 0x000002d1a281dde0 DEOPT UNPACKING pc=0x000002d1874a4e42 sp=0x000000eef60fd690 mode 0
Event: 8.870 Thread 0x000002d1a281dde0 DEOPT PACKING pc=0x000002d1801e06a9 sp=0x000000eef60fe330
Event: 8.870 Thread 0x000002d1a281dde0 DEOPT UNPACKING pc=0x000002d1874a4e42 sp=0x000000eef60fd730 mode 0
Event: 8.871 Thread 0x000002d1a281dde0 DEOPT PACKING pc=0x000002d1801e06a9 sp=0x000000eef60fe330
Event: 8.871 Thread 0x000002d1a281dde0 DEOPT UNPACKING pc=0x000002d1874a4e42 sp=0x000000eef60fd730 mode 0
Event: 8.871 Thread 0x000002d1a281dde0 DEOPT PACKING pc=0x000002d1801e06a9 sp=0x000000eef60fe330
Event: 8.871 Thread 0x000002d1a281dde0 DEOPT UNPACKING pc=0x000002d1874a4e42 sp=0x000000eef60fd730 mode 0
Event: 8.872 Thread 0x000002d1a281dde0 DEOPT PACKING pc=0x000002d1801e06a9 sp=0x000000eef60fe330
Event: 8.872 Thread 0x000002d1a281dde0 DEOPT UNPACKING pc=0x000002d1874a4e42 sp=0x000000eef60fd730 mode 0
Event: 8.872 Thread 0x000002d1a281dde0 DEOPT PACKING pc=0x000002d1801e06a9 sp=0x000000eef60fe330
Event: 8.872 Thread 0x000002d1a281dde0 DEOPT UNPACKING pc=0x000002d1874a4e42 sp=0x000000eef60fd730 mode 0
Event: 8.873 Thread 0x000002d1a281dde0 DEOPT PACKING pc=0x000002d1801e06a9 sp=0x000000eef60fe330
Event: 8.873 Thread 0x000002d1a281dde0 DEOPT UNPACKING pc=0x000002d1874a4e42 sp=0x000000eef60fd730 mode 0

Classes loaded (20 events):
Event: 6.952 Loading class java/text/AttributedString$AttributedStringIterator
Event: 6.952 Loading class java/text/AttributedCharacterIterator
Event: 6.952 Loading class java/text/AttributedCharacterIterator done
Event: 6.952 Loading class java/text/AttributedString$AttributedStringIterator done
Event: 6.960 Loading class java/awt/TextComponent
Event: 6.961 Loading class java/awt/TextComponent done
Event: 7.036 Loading class java/awt/EventQueue$1AWTInvocationLock
Event: 7.037 Loading class java/awt/EventQueue$1AWTInvocationLock done
Event: 7.039 Loading class java/awt/Window$1DisposeAction
Event: 7.039 Loading class java/awt/Window$1DisposeAction done
Event: 7.040 Loading class java/awt/LightweightDispatcher$2
Event: 7.040 Loading class java/awt/LightweightDispatcher$2 done
Event: 7.044 Loading class javax/swing/Autoscroller
Event: 7.044 Loading class javax/swing/Autoscroller done
Event: 8.413 Loading class java/util/regex/Pattern$Bound
Event: 8.413 Loading class java/util/regex/Pattern$Bound done
Event: 8.413 Loading class java/util/regex/Pattern$Neg
Event: 8.413 Loading class java/util/regex/Pattern$Neg done
Event: 8.472 Loading class jdk/internal/math/FloatingDecimal$HexFloatPattern
Event: 8.473 Loading class jdk/internal/math/FloatingDecimal$HexFloatPattern done

Classes unloaded (0 events):
No events

Classes redefined (0 events):
No events

Internal exceptions (20 events):
Event: 7.691 Thread 0x000002d1a281dde0 Exception <a 'java/lang/NullPointerException'{0x00000006137ddce8}> (0x00000006137ddce8) 
thrown [s\src\hotspot\share\runtime\sharedRuntime.cpp, line 625]
Event: 8.292 Thread 0x000002d1a24a4bd0 Exception <a 'java/io/IOException'{0x0000000619f47e80}> (0x0000000619f47e80) 
thrown [s\src\hotspot\share\prims\jni.cpp, line 520]
Event: 8.292 Thread 0x000002d1a24a4bd0 Exception <a 'java/io/IOException'{0x0000000619f48440}> (0x0000000619f48440) 
thrown [s\src\hotspot\share\prims\jni.cpp, line 520]
Event: 8.292 Thread 0x000002d1a24a4bd0 Exception <a 'java/io/IOException'{0x0000000619f496c0}> (0x0000000619f496c0) 
thrown [s\src\hotspot\share\prims\jni.cpp, line 520]
Event: 8.292 Thread 0x000002d1a24a4bd0 Exception <a 'java/io/IOException'{0x0000000619f49c80}> (0x0000000619f49c80) 
thrown [s\src\hotspot\share\prims\jni.cpp, line 520]
Event: 8.313 Thread 0x000002d1a24a4bd0 Exception <a 'java/io/IOException'{0x0000000612e46408}> (0x0000000612e46408) 
thrown [s\src\hotspot\share\prims\jni.cpp, line 520]
Event: 8.313 Thread 0x000002d1a24a4bd0 Exception <a 'java/io/IOException'{0x0000000612e469c8}> (0x0000000612e469c8) 
thrown [s\src\hotspot\share\prims\jni.cpp, line 520]
Event: 8.341 Thread 0x000002d1a24a4bd0 Exception <a 'java/io/IOException'{0x00000006108ebd70}> (0x00000006108ebd70) 
thrown [s\src\hotspot\share\prims\jni.cpp, line 520]
Event: 8.342 Thread 0x000002d1a24a4bd0 Exception <a 'java/io/IOException'{0x00000006108ec330}> (0x00000006108ec330) 
thrown [s\src\hotspot\share\prims\jni.cpp, line 520]
Event: 8.342 Thread 0x000002d1a24a4bd0 Exception <a 'java/io/IOException'{0x00000006108ed1c8}> (0x00000006108ed1c8) 
thrown [s\src\hotspot\share\prims\jni.cpp, line 520]
Event: 8.342 Thread 0x000002d1a24a4bd0 Exception <a 'java/io/IOException'{0x00000006108ed788}> (0x00000006108ed788) 
thrown [s\src\hotspot\share\prims\jni.cpp, line 520]
Event: 8.342 Thread 0x000002d1a24a4bd0 Exception <a 'java/io/IOException'{0x00000006108ee910}> (0x00000006108ee910) 
thrown [s\src\hotspot\share\prims\jni.cpp, line 520]
Event: 8.342 Thread 0x000002d1a24a4bd0 Exception <a 'java/io/IOException'{0x00000006108eeed0}> (0x00000006108eeed0) 
thrown [s\src\hotspot\share\prims\jni.cpp, line 520]
Event: 8.343 Thread 0x000002d1a24a4bd0 Exception <a 'java/io/IOException'{0x00000006108f02f0}> (0x00000006108f02f0) 
thrown [s\src\hotspot\share\prims\jni.cpp, line 520]
Event: 8.343 Thread 0x000002d1a24a4bd0 Exception <a 'java/io/IOException'{0x00000006108f08b0}> (0x00000006108f08b0) 
thrown [s\src\hotspot\share\prims\jni.cpp, line 520]
Event: 8.387 Thread 0x000002d1a281dde0 Exception <a 'java/io/IOException'{0x0000000619239d80}> (0x0000000619239d80) 
thrown [s\src\hotspot\share\prims\jni.cpp, line 520]
Event: 8.387 Thread 0x000002d1a281dde0 Exception <a 'java/io/IOException'{0x000000061923a340}> (0x000000061923a340) 
thrown [s\src\hotspot\share\prims\jni.cpp, line 520]
Event: 8.412 Thread 0x000002d1a281dde0 Implicit null exception at 0x000002d188193817 to 0x000002d188196d6c
Event: 8.705 Thread 0x000002d1a281dde0 Exception <a 'java/io/IOException'{0x0000000613395ed0}> (0x0000000613395ed0) 
thrown [s\src\hotspot\share\prims\jni.cpp, line 520]
Event: 8.705 Thread 0x000002d1a281dde0 Exception <a 'java/io/IOException'{0x0000000613396490}> (0x0000000613396490) 
thrown [s\src\hotspot\share\prims\jni.cpp, line 520]

ZGC Phase Switch (0 events):
No events

VM Operations (20 events):
Event: 7.242 Executing VM operation: G1CollectForAllocation (G1 Evacuation Pause) done
Event: 7.595 Executing VM operation: G1CollectForAllocation (G1 Evacuation Pause)
Event: 7.600 Executing VM operation: G1CollectForAllocation (G1 Evacuation Pause) done
Event: 7.780 Executing VM operation: G1CollectForAllocation (G1 Evacuation Pause)
Event: 7.783 Executing VM operation: G1CollectForAllocation (G1 Evacuation Pause) done
Event: 7.926 Executing VM operation: G1CollectForAllocation (G1 Evacuation Pause)
Event: 7.930 Executing VM operation: G1CollectForAllocation (G1 Evacuation Pause) done
Event: 8.068 Executing VM operation: G1CollectForAllocation (G1 Evacuation Pause)
Event: 8.073 Executing VM operation: G1CollectForAllocation (G1 Evacuation Pause) done
Event: 8.194 Executing VM operation: G1CollectForAllocation (G1 Evacuation Pause)
Event: 8.196 Executing VM operation: G1CollectForAllocation (G1 Evacuation Pause) done
Event: 8.351 Executing VM operation: G1CollectForAllocation (G1 Evacuation Pause)
Event: 8.353 Executing VM operation: G1CollectForAllocation (G1 Evacuation Pause) done
Event: 8.399 Executing VM operation: HandshakeAllThreads (Deoptimize)
Event: 8.399 Executing VM operation: HandshakeAllThreads (Deoptimize) done
Event: 8.402 Executing VM operation: HandshakeAllThreads (Deoptimize)
Event: 8.402 Executing VM operation: HandshakeAllThreads (Deoptimize) done
Event: 8.553 Executing VM operation: G1CollectForAllocation (G1 Evacuation Pause)
Event: 8.568 Executing VM operation: G1CollectForAllocation (G1 Evacuation Pause) done
Event: 8.885 Executing VM operation: G1CollectForAllocation (G1 Evacuation Pause)

Events (20 events):
Event: 8.370 Thread 0x000002d1a0ade690 Thread added: 0x000002d1a0ade690
Event: 8.371 Thread 0x000002d1a0ade690 Thread exited: 0x000002d1a0ade690
Event: 8.371 Thread 0x000002d19e3071f0 Thread added: 0x000002d19e3071f0
Event: 8.371 Thread 0x000002d19e3071f0 Thread exited: 0x000002d19e3071f0
Event: 8.371 Thread 0x000002d19e305e40 Thread added: 0x000002d19e305e40
Event: 8.371 Thread 0x000002d19e305e40 Thread exited: 0x000002d19e305e40
Event: 8.371 Thread 0x000002d19e3064d0 Thread added: 0x000002d19e3064d0
Event: 8.371 Thread 0x000002d19e3064d0 Thread exited: 0x000002d19e3064d0
Event: 8.371 Thread 0x000002d19e3064d0 Thread added: 0x000002d19e3064d0
Event: 8.371 Thread 0x000002d19e3064d0 Thread exited: 0x000002d19e3064d0
Event: 8.372 Thread 0x000002d19e3064d0 Thread added: 0x000002d19e3064d0
Event: 8.372 Thread 0x000002d19e3064d0 Thread exited: 0x000002d19e3064d0
Event: 8.372 Thread 0x000002d19e305e40 Thread added: 0x000002d19e305e40
Event: 8.372 Thread 0x000002d19e305e40 Thread exited: 0x000002d19e305e40
Event: 8.372 Thread 0x000002d19e305e40 Thread added: 0x000002d19e305e40
Event: 8.372 Thread 0x000002d19e305e40 Thread exited: 0x000002d19e305e40
Event: 8.375 Thread 0x000002d19e305e40 Thread added: 0x000002d19e305e40
Event: 8.376 Thread 0x000002d19e305e40 Thread exited: 0x000002d19e305e40
Event: 8.376 Thread 0x000002d19e306b60 Thread added: 0x000002d19e306b60
Event: 8.376 Thread 0x000002d19e306b60 Thread exited: 0x000002d19e306b60


Dynamic libraries:
0x00007ff678030000 - 0x00007ff67803e000 	D:\techapps\Cubemx\jre\bin\javaw.exe
0x00007ffbf14c0000 - 0x00007ffbf1720000 	C:\WINDOWS\SYSTEM32\ntdll.dll
0x00007ffbef2c0000 - 0x00007ffbef387000 	C:\WINDOWS\System32\KERNEL32.DLL
0x00007ffbeec20000 - 0x00007ffbeefea000 	C:\WINDOWS\System32\KERNELBASE.dll
0x00007ffbeeff0000 - 0x00007ffbef13b000 	C:\WINDOWS\System32\ucrtbase.dll
0x00007ffbe6180000 - 0x00007ffbe619b000 	D:\techapps\Cubemx\jre\bin\VCRUNTIME140.dll
0x00007ffbe6160000 - 0x00007ffbe6178000 	D:\techapps\Cubemx\jre\bin\jli.dll
0x00007ffbefb80000 - 0x00007ffbefd4c000 	C:\WINDOWS\System32\USER32.dll
0x00007ffbee880000 - 0x00007ffbee8a7000 	C:\WINDOWS\System32\win32u.dll
0x00007ffbf0b20000 - 0x00007ffbf0b4a000 	C:\WINDOWS\System32\GDI32.dll
0x00007ffbcda60000 - 0x00007ffbcdcf7000 	C:\WINDOWS\WinSxS\amd64_microsoft.windows.common-controls_6595b64144ccf1df_6.0.26100.3624_none_3e086962e3345f24\COMCTL32.dll
0x00007ffbee6a0000 - 0x00007ffbee7d1000 	C:\WINDOWS\System32\gdi32full.dll
0x00007ffbeff90000 - 0x00007ffbf0039000 	C:\WINDOWS\System32\msvcrt.dll
0x00007ffbee970000 - 0x00007ffbeea13000 	C:\WINDOWS\System32\msvcp_win.dll
0x00007ffbefd50000 - 0x00007ffbefd7f000 	C:\WINDOWS\System32\IMM32.DLL
0x00007ffbe9100000 - 0x00007ffbe910c000 	D:\techapps\Cubemx\jre\bin\vcruntime140_1.dll
0x00007ffbaa390000 - 0x00007ffbaa41e000 	D:\techapps\Cubemx\jre\bin\msvcp140.dll
0x00007ffad8200000 - 0x00007ffad8f82000 	D:\techapps\Cubemx\jre\bin\server\jvm.dll
0x00007ffbef5a0000 - 0x00007ffbef652000 	C:\WINDOWS\System32\ADVAPI32.dll
0x00007ffbef700000 - 0x00007ffbef7a6000 	C:\WINDOWS\System32\sechost.dll
0x00007ffbf0c30000 - 0x00007ffbf0d46000 	C:\WINDOWS\System32\RPCRT4.dll
0x00007ffbf0aa0000 - 0x00007ffbf0b14000 	C:\WINDOWS\System32\WS2_32.dll
0x00007ffbed2e0000 - 0x00007ffbed33e000 	C:\WINDOWS\SYSTEM32\POWRPROF.dll
0x00007ffbe6920000 - 0x00007ffbe692b000 	C:\WINDOWS\SYSTEM32\VERSION.dll
0x00007ffbe6930000 - 0x00007ffbe6966000 	C:\WINDOWS\SYSTEM32\WINMM.dll
0x00007ffbed2c0000 - 0x00007ffbed2d4000 	C:\WINDOWS\SYSTEM32\UMPDC.dll
0x00007ffbed5a0000 - 0x00007ffbed5ba000 	C:\WINDOWS\SYSTEM32\kernel.appcore.dll
0x00007ffbe45e0000 - 0x00007ffbe45ea000 	D:\techapps\Cubemx\jre\bin\jimage.dll
0x00007ffbebb40000 - 0x00007ffbebd81000 	C:\WINDOWS\SYSTEM32\DBGHELP.DLL
0x00007ffbf0280000 - 0x00007ffbf0602000 	C:\WINDOWS\System32\combase.dll
0x00007ffbf0b50000 - 0x00007ffbf0c26000 	C:\WINDOWS\System32\OLEAUT32.dll
0x00007ffbcf3a0000 - 0x00007ffbcf3d9000 	C:\WINDOWS\SYSTEM32\dbgcore.DLL
0x00007ffbee7e0000 - 0x00007ffbee879000 	C:\WINDOWS\System32\bcryptPrimitives.dll
0x00007ffbdc750000 - 0x00007ffbdc76f000 	D:\techapps\Cubemx\jre\bin\java.dll
0x00007ffbf0d50000 - 0x00007ffbf1479000 	C:\WINDOWS\System32\SHELL32.dll
0x00007ffbeea20000 - 0x00007ffbeeb88000 	C:\WINDOWS\System32\wintypes.dll
0x00007ffbec320000 - 0x00007ffbecb72000 	C:\WINDOWS\SYSTEM32\windows.storage.dll
0x00007ffbef7b0000 - 0x00007ffbef89d000 	C:\WINDOWS\System32\SHCORE.dll
0x00007ffbef690000 - 0x00007ffbef6f4000 	C:\WINDOWS\System32\shlwapi.dll
0x00007ffbee5b0000 - 0x00007ffbee5df000 	C:\WINDOWS\SYSTEM32\profapi.dll
0x00007ffb9f090000 - 0x00007ffb9f167000 	D:\techapps\Cubemx\jre\bin\jsvml.dll
0x00007ffbe45d0000 - 0x00007ffbe45e0000 	D:\techapps\Cubemx\jre\bin\net.dll
0x00007ffbe8910000 - 0x00007ffbe8a2d000 	C:\WINDOWS\SYSTEM32\WINHTTP.dll
0x00007ffbedaa0000 - 0x00007ffbedb0a000 	C:\WINDOWS\system32\mswsock.dll
0x00007ffbd6130000 - 0x00007ffbd6146000 	D:\techapps\Cubemx\jre\bin\nio.dll
0x00007ffbd5fa0000 - 0x00007ffbd5fb8000 	D:\techapps\Cubemx\jre\bin\zip.dll
0x00007ffbdc740000 - 0x00007ffbdc74a000 	D:\techapps\Cubemx\jre\bin\management.dll
0x00007ffbdc370000 - 0x00007ffbdc37b000 	D:\techapps\Cubemx\jre\bin\management_ext.dll
0x00007ffbef3b0000 - 0x00007ffbef3b8000 	C:\WINDOWS\System32\PSAPI.DLL
0x00007ffbba500000 - 0x00007ffbba518000 	C:\WINDOWS\system32\napinsp.dll
0x00007ffbed090000 - 0x00007ffbed1b5000 	C:\WINDOWS\SYSTEM32\DNSAPI.dll
0x00007ffbed050000 - 0x00007ffbed083000 	C:\WINDOWS\SYSTEM32\IPHLPAPI.DLL
0x00007ffbf00e0000 - 0x00007ffbf00ea000 	C:\WINDOWS\System32\NSI.dll
0x00007ffbba4c0000 - 0x00007ffbba4d2000 	C:\WINDOWS\System32\winrnr.dll
0x00007ffbba480000 - 0x00007ffbba4b0000 	C:\WINDOWS\system32\nlansp_c.dll
0x00007ffbba460000 - 0x00007ffbba476000 	C:\WINDOWS\system32\wshbth.dll
0x00007ffbe8590000 - 0x00007ffbe859b000 	C:\Windows\System32\rasadhlp.dll
0x00007ffbe8ca0000 - 0x00007ffbe8d25000 	C:\WINDOWS\System32\fwpuclnt.dll
0x00007ffb9ef00000 - 0x00007ffb9f08e000 	D:\techapps\Cubemx\jre\bin\awt.dll
0x00007ffbeb4e0000 - 0x00007ffbeb57c000 	C:\WINDOWS\SYSTEM32\apphelp.dll
0x00007ffbedd10000 - 0x00007ffbedd2c000 	C:\WINDOWS\SYSTEM32\CRYPTSP.dll
0x00007ffbed500000 - 0x00007ffbed53a000 	C:\WINDOWS\system32\rsaenh.dll
0x00007ffbedb40000 - 0x00007ffbedb6b000 	C:\WINDOWS\SYSTEM32\USERENV.dll
0x00007ffbee580000 - 0x00007ffbee5a6000 	C:\WINDOWS\SYSTEM32\bcrypt.dll
0x00007ffbedd30000 - 0x00007ffbedd3c000 	C:\WINDOWS\SYSTEM32\CRYPTBASE.dll
0x00007ffbeb5e0000 - 0x00007ffbeb68e000 	C:\WINDOWS\system32\uxtheme.dll
0x00007ffbef440000 - 0x00007ffbef59d000 	C:\WINDOWS\System32\MSCTF.dll
0x00007ffbefd90000 - 0x00007ffbeff26000 	C:\WINDOWS\System32\ole32.dll
0x00007ffbeb920000 - 0x00007ffbeb956000 	C:\WINDOWS\system32\DWMAPI.DLL
0x00007ffb953b0000 - 0x00007ffb954bc000 	C:\WINDOWS\system32\opengl32.dll
0x00007ffb95290000 - 0x00007ffb952bd000 	C:\WINDOWS\SYSTEM32\GLU32.dll
0x00007ffbeb6e0000 - 0x00007ffbeb727000 	C:\WINDOWS\SYSTEM32\dxcore.dll
0x00007ffba47e0000 - 0x00007ffba4867000 	D:\techapps\Cubemx\jre\bin\freetype.dll
0x00007ffb8a5d0000 - 0x00007ffb8a6b2000 	D:\techapps\Cubemx\jre\bin\fontmanager.dll
0x00007ffbd7230000 - 0x00007ffbd7240000 	D:\techapps\Cubemx\jre\bin\verify.dll
0x00007ffbd6a60000 - 0x00007ffbd6a69000 	D:\techapps\Cubemx\jre\bin\prefs.dll
0x00007ffbd6500000 - 0x00007ffbd650e000 	D:\techapps\Cubemx\jre\bin\sunmscapi.dll
0x00007ffbef140000 - 0x00007ffbef2b7000 	C:\WINDOWS\System32\CRYPT32.dll
0x00007ffbedf00000 - 0x00007ffbedf30000 	C:\WINDOWS\SYSTEM32\ncrypt.dll
0x00007ffbedeb0000 - 0x00007ffbedeef000 	C:\WINDOWS\SYSTEM32\NTASN1.dll
0x00007ffbede90000 - 0x00007ffbedea3000 	C:\WINDOWS\SYSTEM32\MSASN1.dll
0x00007ffbedb10000 - 0x00007ffbedb37000 	C:\WINDOWS\SYSTEM32\gpapi.dll
0x00007ffbcd410000 - 0x00007ffbcd49e000 	C:\WINDOWS\system32\ncryptprov.dll
0x00007ffbd6120000 - 0x00007ffbd6129000 	D:\techapps\Cubemx\jre\bin\extnet.dll
0x00007ffbd44c0000 - 0x00007ffbd44ee000 	D:\techapps\Cubemx\jre\bin\javajpeg.dll
0x00007ffbcda20000 - 0x00007ffbcda60000 	D:\techapps\Cubemx\jre\bin\lcms.dll
0x00007ffbef8f0000 - 0x00007ffbef998000 	C:\WINDOWS\System32\clbcatq.dll
0x00007ffbe9e10000 - 0x00007ffbea03e000 	C:\WINDOWS\SYSTEM32\WindowsCodecs.dll
0x00007ffb921a0000 - 0x00007ffb921fa000 	C:\WINDOWS\system32\dataexchange.dll
0x00007ffbe47f0000 - 0x00007ffbe4a2b000 	C:\WINDOWS\system32\twinapi.appcore.dll
0x00007ffbda000000 - 0x00007ffbda149000 	C:\WINDOWS\SYSTEM32\textinputframework.dll
0x00007ffb83520000 - 0x00007ffb83634000 	C:\Users\35161\.stm32cubemx\.jxbrowser-7.41.5\Chromium\toolkit64.dll
0x00007ffb57fa0000 - 0x00007ffb580ad000 	C:\Users\35161\.stm32cubemx\.jxbrowser-7.41.5\Chromium\ipc64.dll
0x00007ffbed6c0000 - 0x00007ffbed6f5000 	C:\WINDOWS\SYSTEM32\ntmarta.dll
0x00007ffbeb1f0000 - 0x00007ffbeb316000 	C:\WINDOWS\SYSTEM32\CoreMessaging.dll
0x00007ffbe7110000 - 0x00007ffbe73f3000 	C:\WINDOWS\SYSTEM32\CoreUIComponents.dll

dbghelp: loaded successfully - version: 4.0.5 - missing functions: none
symbol engine: initialized successfully - sym options: 0x614 - pdb path: .;D:\techapps\Cubemx\jre\bin;C:\WINDOWS\SYSTEM32;C:\WINDOWS\WinSxS\amd64_microsoft.windows.common-controls_6595b64144ccf1df_6.0.26100.3624_none_3e086962e3345f24;D:\techapps\Cubemx\jre\bin\server;C:\Users\35161\.stm32cubemx\.jxbrowser-7.41.5\Chromium

VM Arguments:
jvm_args: -Dfile.encoding=UTF-8 -Djavax.net.ssl.trustStoreType=WINDOWS-ROOT -Dsun.java2d.d3d=false 
java_command: com.st.microxplorer.maingui.STM32CubeMX D:\stmproject\dragonproject\contest\elec_contest_2025\F743VGT6_origin\origin.ioc
java_class_path (initial): D:\techapps\Cubemx\STM32CubeMX.exe;anything
Launcher Type: SUN_STANDARD

[Global flags]
     intx CICompilerCount                          = 12                                        {product} {ergonomic}
     uint ConcGCThreads                            = 4                                         {product} {ergonomic}
     uint G1ConcRefinementThreads                  = 15                                        {product} {ergonomic}
   size_t G1HeapRegionSize                         = 4194304                                   {product} {ergonomic}
    uintx GCDrainStackTargetSize                   = 64                                        {product} {ergonomic}
   size_t InitialHeapSize                          = 532676608                                 {product} {ergonomic}
   size_t MarkStackSize                            = 4194304                                   {product} {ergonomic}
   size_t MaxHeapSize                              = 8518631424                                {product} {ergonomic}
   size_t MaxNewSize                               = 5108662272                                {product} {ergonomic}
   size_t MinHeapDeltaBytes                        = 4194304                                   {product} {ergonomic}
   size_t MinHeapSize                              = 8388608                                   {product} {ergonomic}
    uintx NonNMethodCodeHeapSize                   = 7602480                                {pd product} {ergonomic}
    uintx NonProfiledCodeHeapSize                  = 122027880                              {pd product} {ergonomic}
    uintx ProfiledCodeHeapSize                     = 122027880                              {pd product} {ergonomic}
    uintx ReservedCodeCacheSize                    = 251658240                              {pd product} {ergonomic}
     bool SegmentedCodeCache                       = true                                      {product} {ergonomic}
   size_t SoftMaxHeapSize                          = 8518631424                             {manageable} {ergonomic}
     bool UseCompressedOops                        = true                           {product lp64_product} {ergonomic}
     bool UseG1GC                                  = true                                      {product} {ergonomic}
     bool UseLargePagesIndividualAllocation        = false                                  {pd product} {ergonomic}

Logging:
Log output configuration:
 #0: stdout all=warning uptime,level,tags foldmultilines=false
 #1: stderr all=off uptime,level,tags foldmultilines=false

Environment Variables:
JAVA_TOOL_OPTIONS=-Dfile.encoding=UTF-8
PATH=D:\techapps\Cubemx\;C:\Program Files\Common Files\Oracle\Java\javapath;D:\configuration\python312\Scripts\;D:\configuration\python312\;D:\programmming\linunxapps\bin\;C:\Windows\system32;C:\Windows;C:\Windows\System32\Wbem;C:\Windows\System32\WindowsPowerShell\v1.0\;C:\Windows\System32\OpenSSH\;C:\Program Files (x86)\NVIDIA Corporation\PhysX\Common;C:\Program Files (x86)\pcsuite\;D:\sundries\matlabtrue\runtime\win64;D:\sundries\matlabtrue\bin;D:\programmming\xshell\;D:\programmming\xftpaxshell\xftp\;C:\Program Files\Microsoft SQL Server\150\Tools\Binn\;C:\Program Files\Microsoft SQL Server\Client SDK\ODBC\170\Tools\Binn\;C:\Program Files (x86)\Windows Kits\10\Windows Performance Toolkit\;C:\Program Files\dotnet\;C:\Program Files\NVIDIA Corporation\NVIDIA NvDLISR;C:\Users\35161\.conda\envs\dopencv\Scripts;D:\Anaconda;D:\Anaconda\Scripts;D:\Anaconda\Library\bin;D:\condaenv\dopencv\Scripts;C:\Program Files (x86)\STMicroelectronics\STM32 ST-LINK Utility\ST-LINK Utility;C:\Program Files (x86)\Microsoft SQL Server\150\Tools\Binn\;C:\Program Files\Microsoft SQL Server\150\DTS\Binn\;C:\Program Files (x86)\Windows Kits\8.1\Windows Performance Toolkit\;C:\MinGW\bin;D:\configuration\maven\apache-maven-3.9.9\bin;C:\Program Files\Git\cmd;D:\VISION\raspberry\\putty\;D:\programmming\NodeJS\;C:\WINDOWS\system32;C:\WINDOWS;C:\WINDOWS\System32\Wbem;C:\WINDOWS\System32\WindowsPowerShell\v1.0\;C:\WINDOWS\System32\OpenSSH\;D:\dg_tools\xhell_xftp\;D:\Anaconda3\Anaconda;D:\Anaconda3\Anaconda\Library\mingw-w64\bin;D:\Anaconda3\Anaconda\Library\usr\bin;D:\Anaconda3\Anaconda\Library\bin;D:\Anaconda3\Anaconda\Scripts;C:\Users\35161\AppData\Local\Microsoft\WindowsApps;C:\Users\35161\.dotnet\tools;D:\techapps\Pycharm\pycharm\PyCharm Community Edition 2024.2\bin;D:\vscode\Microsoft VS Code\bin;D:\programmming\WebStorm\WebStorm 2024.3\bin;C:\MinGW\bin;D:\programmming\WebStorm\plugins\node.js;C:\Users\35161\AppData\Local\gitkraken\bin;D:\techapps\Quartus\licence\questa_fse\win64;C:\Users\35161\AppData\Roaming\npm;%USERPROFILE%\AppData\Local\Microsoft\WindowsApps;;D:\techapps\Cubemx\.\jre\\bin
USERNAME=35161
OS=Windows_NT
PROCESSOR_IDENTIFIER=Intel64 Family 6 Model 186 Stepping 2, GenuineIntel
TMP=C:\Users\35161\AppData\Local\Temp
TEMP=C:\Users\35161\AppData\Local\Temp




Periodic native trim disabled

---------------  S Y S T E M  ---------------

OS:
 Windows 11 , 64 bit Build 26100 (10.0.26100.3775)
OS uptime: 0 days 11:04 hours
Hyper-V role detected

CPU: total 20 (initial active 20) (10 cores per cpu, 2 threads per core) family 6 model 186 stepping 2 microcode 0x410e, cx8, cmov, fxsr, ht, mmx, 3dnowpref, sse, sse2, sse3, ssse3, sse4.1, sse4.2, popcnt, lzcnt, tsc, tscinvbit, avx, avx2, aes, erms, clmul, bmi1, bmi2, adx, sha, fma, vzeroupper, clflush, clflushopt, clwb, hv, serialize, rdtscp, rdpid, fsrm, f16c, cet_ibt, cet_ss
Processor Information for processor 0
  Max Mhz: 2600, Current Mhz: 2600, Mhz Limit: 2600
Processor Information for processor 1
  Max Mhz: 2600, Current Mhz: 2600, Mhz Limit: 2600
Processor Information for processor 2
  Max Mhz: 2600, Current Mhz: 2600, Mhz Limit: 2600
Processor Information for processor 3
  Max Mhz: 2600, Current Mhz: 2600, Mhz Limit: 2600
Processor Information for processor 4
  Max Mhz: 2600, Current Mhz: 2600, Mhz Limit: 2600
Processor Information for processor 5
  Max Mhz: 2600, Current Mhz: 2600, Mhz Limit: 2600
Processor Information for processor 6
  Max Mhz: 2600, Current Mhz: 2600, Mhz Limit: 2600
Processor Information for processor 7
  Max Mhz: 2600, Current Mhz: 2600, Mhz Limit: 2600
Processor Information for processor 8
  Max Mhz: 2600, Current Mhz: 2600, Mhz Limit: 2600
Processor Information for processor 9
  Max Mhz: 2600, Current Mhz: 2600, Mhz Limit: 2600
Processor Information for processor 10
  Max Mhz: 2600, Current Mhz: 2600, Mhz Limit: 2600
Processor Information for processor 11
  Max Mhz: 2600, Current Mhz: 2600, Mhz Limit: 2600
Processor Information for processor 12
  Max Mhz: 2600, Current Mhz: 1500, Mhz Limit: 1898
Processor Information for processor 13
  Max Mhz: 2600, Current Mhz: 1500, Mhz Limit: 1898
Processor Information for processor 14
  Max Mhz: 2600, Current Mhz: 1500, Mhz Limit: 1898
Processor Information for processor 15
  Max Mhz: 2600, Current Mhz: 1500, Mhz Limit: 1898
Processor Information for processor 16
  Max Mhz: 2600, Current Mhz: 1500, Mhz Limit: 1898
Processor Information for processor 17
  Max Mhz: 2600, Current Mhz: 1500, Mhz Limit: 1898
Processor Information for processor 18
  Max Mhz: 2600, Current Mhz: 1500, Mhz Limit: 1898
Processor Information for processor 19
  Max Mhz: 2600, Current Mhz: 1900, Mhz Limit: 1898

Memory: 4k page, system-wide physical 32491M (17053M free)
TotalPageFile size 32491M (AvailPageFile size 35M)
current process WorkingSet (physical memory assigned to process): 650M, peak: 655M
current process commit charge ("private bytes"): 705M, peak: 783M

vm_info: OpenJDK 64-Bit Server VM (21.0.3+9-LTS) for windows-amd64 JRE (21.0.3+9-LTS), built on 2024-04-16T00:00:00Z by "admin" with MS VC++ 17.7 (VS2022)

END.
